# JRE version: Java(TM) SE Runtime Environment (8.0_102-b14) (build 1.8.0_102-b14)
# Java VM: Java HotSpot(TM) 64-Bit Server VM (25.102-b14 mixed mode windows-amd64 compressed oops)
Heap:
 PSYoungGen      total 232960K, used 102380K [0x00000000eab00000, 0x0000000100000000, 0x0000000100000000)
  eden space 116736K, 87% used [0x00000000eab00000,0x00000000f0efb100,0x00000000f1d00000)
  from space 116224K, 0% used [0x00000000f1d00000,0x00000000f1d00000,0x00000000f8e80000)
  to   space 116224K, 0% used [0x00000000f8e80000,0x00000000f8e80000,0x0000000100000000)
 ParOldGen       total 515584K, used 300499K [0x00000000c0000000, 0x00000000df780000, 0x00000000eab00000)
  object space 515584K, 58% used [0x00000000c0000000,0x00000000d2574d08,0x00000000df780000)
 Metaspace       used 6586K, capacity 7256K, committed 7424K, reserved 1056768K
  class space    used 618K, capacity 656K, committed 768K, reserved 1048576K
GC Heap History (10 events):
Event: 10.909 GC heap before
{Heap before GC invocations=17 (full 2):
 PSYoungGen      total 225280K, used 225256K [0x00000000eab00000, 0x0000000100000000, 0x0000000100000000)
  eden space 116736K, 100% used [0x00000000eab00000,0x00000000f1d00000,0x00000000f1d00000)
  from space 108544K, 99% used [0x00000000f9600000,0x00000000ffffa1c8,0x0000000100000000)
  to   space 116224K, 0% used [0x00000000f1d00000,0x00000000f1d00000,0x00000000f8e80000)
 ParOldGen       total 300544K, used 171007K [0x00000000c0000000, 0x00000000d2580000, 0x00000000eab00000)
  object space 300544K, 56% used [0x00000000c0000000,0x00000000ca6ffe88,0x00000000d2580000)
 Metaspace       used 6583K, capacity 7256K, committed 7424K, reserved 1056768K
  class space    used 617K, capacity 656K, committed 768K, reserved 1048576K
Event: 11.019 GC heap after
Heap after GC invocations=17 (full 2):
 PSYoungGen      total 232960K, used 113739K [0x00000000eab00000, 0x0000000100000000, 0x0000000100000000)
  eden space 116736K, 0% used [0x00000000eab00000,0x00000000eab00000,0x00000000f1d00000)
  from space 116224K, 97% used [0x00000000f1d00000,0x00000000f8c12dc0,0x00000000f8e80000)
  to   space 116224K, 0% used [0x00000000f8e80000,0x00000000f8e80000,0x0000000100000000)
 ParOldGen       total 300544K, used 182750K [0x00000000c0000000, 0x00000000d2580000, 0x00000000eab00000)
  object space 300544K, 60% used [0x00000000c0000000,0x00000000cb277b60,0x00000000d2580000)
 Metaspace       used 6583K, capacity 7256K, committed 7424K, reserved 1056768K
  class space    used 617K, capacity 656K, committed 768K, reserved 1048576K
}
Event: 11.252 GC heap before
{Heap before GC invocations=18 (full 2):
 PSYoungGen      total 232960K, used 230475K [0x00000000eab00000, 0x0000000100000000, 0x0000000100000000)
  eden space 116736K, 100% used [0x00000000eab00000,0x00000000f1d00000,0x00000000f1d00000)
  from space 116224K, 97% used [0x00000000f1d00000,0x00000000f8c12dc0,0x00000000f8e80000)
  to   space 116224K, 0% used [0x00000000f8e80000,0x00000000f8e80000,0x0000000100000000)
 ParOldGen       total 300544K, used 182750K [0x00000000c0000000, 0x00000000d2580000, 0x00000000eab00000)
  object space 300544K, 60% used [0x00000000c0000000,0x00000000cb277b60,0x00000000d2580000)
 Metaspace       used 6583K, capacity 7256K, committed 7424K, reserved 1056768K
  class space    used 617K, capacity 656K, committed 768K, reserved 1048576K
Event: 11.409 GC heap after
Heap after GC invocations=18 (full 2):
 PSYoungGen      total 232960K, used 82338K [0x00000000eab00000, 0x0000000100000000, 0x0000000100000000)
  eden space 116736K, 0% used [0x00000000eab00000,0x00000000eab00000,0x00000000f1d00000)
  from space 116224K, 70% used [0x00000000f8e80000,0x00000000fdee8b60,0x0000000100000000)
  to   space 116224K, 0% used [0x00000000f1d00000,0x00000000f1d00000,0x00000000f8e80000)
 ParOldGen       total 300544K, used 232351K [0x00000000c0000000, 0x00000000d2580000, 0x00000000eab00000)
  object space 300544K, 77% used [0x00000000c0000000,0x00000000ce2e7ee8,0x00000000d2580000)
 Metaspace       used 6583K, capacity 7256K, committed 7424K, reserved 1056768K
  class space    used 617K, capacity 656K, committed 768K, reserved 1048576K
}
Event: 12.051 GC heap before
{Heap before GC invocations=19 (full 2):
 PSYoungGen      total 232960K, used 199074K [0x00000000eab00000, 0x0000000100000000, 0x0000000100000000)
  eden space 116736K, 100% used [0x00000000eab00000,0x00000000f1d00000,0x00000000f1d00000)
  from space 116224K, 70% used [0x00000000f8e80000,0x00000000fdee8b60,0x0000000100000000)
  to   space 116224K, 0% used [0x00000000f1d00000,0x00000000f1d00000,0x00000000f8e80000)
 ParOldGen       total 300544K, used 232351K [0x00000000c0000000, 0x00000000d2580000, 0x00000000eab00000)
  object space 300544K, 77% used [0x00000000c0000000,0x00000000ce2e7ee8,0x00000000d2580000)
 Metaspace       used 6585K, capacity 7256K, committed 7424K, reserved 1056768K
  class space    used 617K, capacity 656K, committed 768K, reserved 1048576K
Event: 12.142 GC heap after
Heap after GC invocations=19 (full 2):
 PSYoungGen      total 232960K, used 54957K [0x00000000eab00000, 0x0000000100000000, 0x0000000100000000)
  eden space 116736K, 0% used [0x00000000eab00000,0x00000000eab00000,0x00000000f1d00000)
  from space 116224K, 47% used [0x00000000f1d00000,0x00000000f52ab680,0x00000000f8e80000)
  to   space 116224K, 0% used [0x00000000f8e80000,0x00000000f8e80000,0x0000000100000000)
 ParOldGen       total 300544K, used 279781K [0x00000000c0000000, 0x00000000d2580000, 0x00000000eab00000)
  object space 300544K, 93% used [0x00000000c0000000,0x00000000d1139478,0x00000000d2580000)
 Metaspace       used 6585K, capacity 7256K, committed 7424K, reserved 1056768K
  class space    used 617K, capacity 656K, committed 768K, reserved 1048576K
}
Event: 12.142 GC heap before
{Heap before GC invocations=20 (full 3):
 PSYoungGen      total 232960K, used 54957K [0x00000000eab00000, 0x0000000100000000, 0x0000000100000000)
  eden space 116736K, 0% used [0x00000000eab00000,0x00000000eab00000,0x00000000f1d00000)
  from space 116224K, 47% used [0x00000000f1d00000,0x00000000f52ab680,0x00000000f8e80000)
  to   space 116224K, 0% used [0x00000000f8e80000,0x00000000f8e80000,0x0000000100000000)
 ParOldGen       total 300544K, used 279781K [0x00000000c0000000, 0x00000000d2580000, 0x00000000eab00000)
  object space 300544K, 93% used [0x00000000c0000000,0x00000000d1139478,0x00000000d2580000)
 Metaspace       used 6585K, capacity 7256K, committed 7424K, reserved 1056768K
  class space    used 617K, capacity 656K, committed 768K, reserved 1048576K
Event: 13.535 GC heap after
Heap after GC invocations=20 (full 3):
 PSYoungGen      total 232960K, used 32763K [0x00000000eab00000, 0x0000000100000000, 0x0000000100000000)
  eden space 116736K, 0% used [0x00000000eab00000,0x00000000eab00000,0x00000000f1d00000)
  from space 116224K, 28% used [0x00000000f1d00000,0x00000000f3cfedf8,0x00000000f8e80000)
  to   space 116224K, 0% used [0x00000000f8e80000,0x00000000f8e80000,0x0000000100000000)
 ParOldGen       total 300544K, used 300095K [0x00000000c0000000, 0x00000000d2580000, 0x00000000eab00000)
  object space 300544K, 99% used [0x00000000c0000000,0x00000000d250fe28,0x00000000d2580000)
 Metaspace       used 6585K, capacity 7256K, committed 7424K, reserved 1056768K
  class space    used 617K, capacity 656K, committed 768K, reserved 1048576K
}
Event: 14.938 GC heap before
{Heap before GC invocations=21 (full 4):
 PSYoungGen      total 232960K, used 149499K [0x00000000eab00000, 0x0000000100000000, 0x0000000100000000)
  eden space 116736K, 100% used [0x00000000eab00000,0x00000000f1d00000,0x00000000f1d00000)
  from space 116224K, 28% used [0x00000000f1d00000,0x00000000f3cfedf8,0x00000000f8e80000)
  to   space 116224K, 0% used [0x00000000f8e80000,0x00000000f8e80000,0x0000000100000000)
 ParOldGen       total 300544K, used 300095K [0x00000000c0000000, 0x00000000d2580000, 0x00000000eab00000)
  object space 300544K, 99% used [0x00000000c0000000,0x00000000d250fe28,0x00000000d2580000)
 Metaspace       used 6586K, capacity 7256K, committed 7424K, reserved 1056768K
  class space    used 618K, capacity 656K, committed 768K, reserved 1048576K
Event: 16.114 GC heap after
Heap after GC invocations=21 (full 4):
 PSYoungGen      total 232960K, used 49928K [0x00000000eab00000, 0x0000000100000000, 0x0000000100000000)
  eden space 116736K, 42% used [0x00000000eab00000,0x00000000edbc20f8,0x00000000f1d00000)
  from space 116224K, 0% used [0x00000000f1d00000,0x00000000f1d00000,0x00000000f8e80000)
  to   space 116224K, 0% used [0x00000000f8e80000,0x00000000f8e80000,0x0000000100000000)
 ParOldGen       total 515584K, used 300499K [0x00000000c0000000, 0x00000000df780000, 0x00000000eab00000)
  object space 515584K, 58% used [0x00000000c0000000,0x00000000d2574d08,0x00000000df780000)
 Metaspace       used 6586K, capacity 7256K, committed 7424K, reserved 1056768K
  class space    used 618K, capacity 656K, committed 768K, reserved 1048576K
}

