# JRE version: OpenJDK Runtime Environment (8.0_152-b01) (build 1.8.0_152-release-915-b01)
# Java VM: OpenJDK 64-Bit Server VM (25.152-b01 mixed mode windows-amd64 compressed oops)
Heap:
 PSYoungGen      total 223744K, used 30686K [0x00000000eab00000, 0x00000000ff700000, 0x0000000100000000)
  eden space 116736K, 26% used [0x00000000eab00000,0x00000000ec8f7bc8,0x00000000f1d00000)
  from space 107008K, 0% used [0x00000000f8e80000,0x00000000f8e80000,0x00000000ff700000)
  to   space 111616K, 0% used [0x00000000f1d00000,0x00000000f1d00000,0x00000000f8a00000)
 ParOldGen       total 434688K, used 228233K [0x00000000c0000000, 0x00000000da880000, 0x00000000eab00000)
  object space 434688K, 52% used [0x00000000c0000000,0x00000000cdee2500,0x00000000da880000)
 Metaspace       used 7030K, capacity 7576K, committed 7936K, reserved 1058816K
  class space    used 622K, capacity 656K, committed 768K, reserved 1048576K
GC Heap History (10 events):
Event: 7.941 GC heap before
{Heap before GC invocations=17 (full 2):
 PSYoungGen      total 236544K, used 236512K [0x00000000eab00000, 0x0000000100000000, 0x0000000100000000)
  eden space 157696K, 100% used [0x00000000eab00000,0x00000000f4500000,0x00000000f4500000)
  from space 78848K, 99% used [0x00000000fb300000,0x00000000ffff8210,0x0000000100000000)
  to   space 95744K, 0% used [0x00000000f4500000,0x00000000f4500000,0x00000000fa280000)
 ParOldGen       total 314880K, used 179740K [0x00000000c0000000, 0x00000000d3380000, 0x00000000eab00000)
  object space 314880K, 57% used [0x00000000c0000000,0x00000000caf871b8,0x00000000d3380000)
 Metaspace       used 6629K, capacity 7256K, committed 7424K, reserved 1056768K
  class space    used 604K, capacity 656K, committed 768K, reserved 1048576K
Event: 8.038 GC heap after
Heap after GC invocations=17 (full 2):
 PSYoungGen      total 229888K, used 71916K [0x00000000eab00000, 0x0000000100000000, 0x0000000100000000)
  eden space 157696K, 0% used [0x00000000eab00000,0x00000000eab00000,0x00000000f4500000)
  from space 72192K, 99% used [0x00000000f4500000,0x00000000f8b3b1f0,0x00000000f8b80000)
  to   space 102912K, 0% used [0x00000000f9b80000,0x00000000f9b80000,0x0000000100000000)
 ParOldGen       total 314880K, used 211801K [0x00000000c0000000, 0x00000000d3380000, 0x00000000eab00000)
  object space 314880K, 67% used [0x00000000c0000000,0x00000000cced6618,0x00000000d3380000)
 Metaspace       used 6629K, capacity 7256K, committed 7424K, reserved 1056768K
  class space    used 604K, capacity 656K, committed 768K, reserved 1048576K
}
Event: 8.426 GC heap before
{Heap before GC invocations=18 (full 2):
 PSYoungGen      total 229888K, used 229612K [0x00000000eab00000, 0x0000000100000000, 0x0000000100000000)
  eden space 157696K, 100% used [0x00000000eab00000,0x00000000f4500000,0x00000000f4500000)
  from space 72192K, 99% used [0x00000000f4500000,0x00000000f8b3b1f0,0x00000000f8b80000)
  to   space 102912K, 0% used [0x00000000f9b80000,0x00000000f9b80000,0x0000000100000000)
 ParOldGen       total 314880K, used 211801K [0x00000000c0000000, 0x00000000d3380000, 0x00000000eab00000)
  object space 314880K, 67% used [0x00000000c0000000,0x00000000cced6618,0x00000000d3380000)
 Metaspace       used 6630K, capacity 7256K, committed 7424K, reserved 1056768K
  class space    used 604K, capacity 656K, committed 768K, reserved 1048576K
Event: 8.533 GC heap after
Heap after GC invocations=18 (full 2):
 PSYoungGen      total 219648K, used 95109K [0x00000000eab00000, 0x0000000100000000, 0x0000000100000000)
  eden space 116736K, 0% used [0x00000000eab00000,0x00000000eab00000,0x00000000f1d00000)
  from space 102912K, 92% used [0x00000000f9b80000,0x00000000ff861608,0x0000000100000000)
  to   space 116224K, 0% used [0x00000000f1d00000,0x00000000f1d00000,0x00000000f8e80000)
 ParOldGen       total 314880K, used 211801K [0x00000000c0000000, 0x00000000d3380000, 0x00000000eab00000)
  object space 314880K, 67% used [0x00000000c0000000,0x00000000cced6618,0x00000000d3380000)
 Metaspace       used 6630K, capacity 7256K, committed 7424K, reserved 1056768K
  class space    used 604K, capacity 656K, committed 768K, reserved 1048576K
}
Event: 8.809 GC heap before
{Heap before GC invocations=19 (full 2):
 PSYoungGen      total 219648K, used 211845K [0x00000000eab00000, 0x0000000100000000, 0x0000000100000000)
  eden space 116736K, 100% used [0x00000000eab00000,0x00000000f1d00000,0x00000000f1d00000)
  from space 102912K, 92% used [0x00000000f9b80000,0x00000000ff861608,0x0000000100000000)
  to   space 116224K, 0% used [0x00000000f1d00000,0x00000000f1d00000,0x00000000f8e80000)
 ParOldGen       total 314880K, used 211801K [0x00000000c0000000, 0x00000000d3380000, 0x00000000eab00000)
  object space 314880K, 67% used [0x00000000c0000000,0x00000000cced6618,0x00000000d3380000)
 Metaspace       used 6631K, capacity 7256K, committed 7424K, reserved 1056768K
  class space    used 604K, capacity 656K, committed 768K, reserved 1048576K
Event: 8.920 GC heap after
Heap after GC invocations=19 (full 2):
 PSYoungGen      total 232960K, used 65467K [0x00000000eab00000, 0x0000000100000000, 0x0000000100000000)
  eden space 116736K, 0% used [0x00000000eab00000,0x00000000eab00000,0x00000000f1d00000)
  from space 116224K, 56% used [0x00000000f1d00000,0x00000000f5ceeed0,0x00000000f8e80000)
  to   space 116224K, 0% used [0x00000000f8e80000,0x00000000f8e80000,0x0000000100000000)
 ParOldGen       total 314880K, used 258637K [0x00000000c0000000, 0x00000000d3380000, 0x00000000eab00000)
  object space 314880K, 82% used [0x00000000c0000000,0x00000000cfc93500,0x00000000d3380000)
 Metaspace       used 6631K, capacity 7256K, committed 7424K, reserved 1056768K
  class space    used 604K, capacity 656K, committed 768K, reserved 1048576K
}
Event: 10.373 GC heap before
{Heap before GC invocations=20 (full 2):
 PSYoungGen      total 232960K, used 182203K [0x00000000eab00000, 0x0000000100000000, 0x0000000100000000)
  eden space 116736K, 100% used [0x00000000eab00000,0x00000000f1d00000,0x00000000f1d00000)
  from space 116224K, 56% used [0x00000000f1d00000,0x00000000f5ceeed0,0x00000000f8e80000)
  to   space 116224K, 0% used [0x00000000f8e80000,0x00000000f8e80000,0x0000000100000000)
 ParOldGen       total 314880K, used 258637K [0x00000000c0000000, 0x00000000d3380000, 0x00000000eab00000)
  object space 314880K, 82% used [0x00000000c0000000,0x00000000cfc93500,0x00000000d3380000)
 Metaspace       used 6950K, capacity 7512K, committed 7680K, reserved 1056768K
  class space    used 620K, capacity 656K, committed 768K, reserved 1048576K
Event: 10.460 GC heap after
Heap after GC invocations=20 (full 2):
 PSYoungGen      total 223744K, used 39897K [0x00000000eab00000, 0x00000000ff700000, 0x0000000100000000)
  eden space 116736K, 0% used [0x00000000eab00000,0x00000000eab00000,0x00000000f1d00000)
  from space 107008K, 37% used [0x00000000f8e80000,0x00000000fb576740,0x00000000ff700000)
  to   space 111616K, 0% used [0x00000000f1d00000,0x00000000f1d00000,0x00000000f8a00000)
 ParOldGen       total 314880K, used 305220K [0x00000000c0000000, 0x00000000d3380000, 0x00000000eab00000)
  object space 314880K, 96% used [0x00000000c0000000,0x00000000d2a11050,0x00000000d3380000)
 Metaspace       used 6950K, capacity 7512K, committed 7680K, reserved 1056768K
  class space    used 620K, capacity 656K, committed 768K, reserved 1048576K
}
Event: 10.460 GC heap before
{Heap before GC invocations=21 (full 3):
 PSYoungGen      total 223744K, used 39897K [0x00000000eab00000, 0x00000000ff700000, 0x0000000100000000)
  eden space 116736K, 0% used [0x00000000eab00000,0x00000000eab00000,0x00000000f1d00000)
  from space 107008K, 37% used [0x00000000f8e80000,0x00000000fb576740,0x00000000ff700000)
  to   space 111616K, 0% used [0x00000000f1d00000,0x00000000f1d00000,0x00000000f8a00000)
 ParOldGen       total 314880K, used 305220K [0x00000000c0000000, 0x00000000d3380000, 0x00000000eab00000)
  object space 314880K, 96% used [0x00000000c0000000,0x00000000d2a11050,0x00000000d3380000)
 Metaspace       used 6950K, capacity 7512K, committed 7680K, reserved 1056768K
  class space    used 620K, capacity 656K, committed 768K, reserved 1048576K
Event: 11.802 GC heap after
Heap after GC invocations=21 (full 3):
 PSYoungGen      total 223744K, used 0K [0x00000000eab00000, 0x00000000ff700000, 0x0000000100000000)
  eden space 116736K, 0% used [0x00000000eab00000,0x00000000eab00000,0x00000000f1d00000)
  from space 107008K, 0% used [0x00000000f8e80000,0x00000000f8e80000,0x00000000ff700000)
  to   space 111616K, 0% used [0x00000000f1d00000,0x00000000f1d00000,0x00000000f8a00000)
 ParOldGen       total 434688K, used 228233K [0x00000000c0000000, 0x00000000da880000, 0x00000000eab00000)
  object space 434688K, 52% used [0x00000000c0000000,0x00000000cdee2500,0x00000000da880000)
 Metaspace       used 6950K, capacity 7512K, committed 7680K, reserved 1056768K
  class space    used 620K, capacity 656K, committed 768K, reserved 1048576K
}

