# JRE version: Java(TM) SE Runtime Environment (8.0_102-b14) (build 1.8.0_102-b14)
# Java VM: Java HotSpot(TM) 64-Bit Server VM (25.102-b14 mixed mode windows-amd64 compressed oops)
Heap:
 PSYoungGen      total 38400K, used 19372K [0x00000000eab00000, 0x00000000eeb80000, 0x0000000100000000)
  eden space 33280K, 42% used [0x00000000eab00000,0x00000000eb8f32c8,0x00000000ecb80000)
  from space 5120K, 99% used [0x00000000ed080000,0x00000000ed578028,0x00000000ed580000)
  to   space 5120K, 0% used [0x00000000ecb80000,0x00000000ecb80000,0x00000000ed080000)
 ParOldGen       total 36352K, used 3275K [0x00000000c0000000, 0x00000000c2380000, 0x00000000eab00000)
  object space 36352K, 9% used [0x00000000c0000000,0x00000000c0332c70,0x00000000c2380000)
 Metaspace       used 6071K, capacity 6964K, committed 7040K, reserved 1058816K
  class space    used 605K, capacity 620K, committed 640K, reserved 1048576K
GC Heap History (6 events):
Event: 1.313 GC heap before
{Heap before GC invocations=1 (full 0):
 PSYoungGen      total 38400K, used 12650K [0x00000000eab00000, 0x00000000ed580000, 0x0000000100000000)
  eden space 33280K, 38% used [0x00000000eab00000,0x00000000eb75a980,0x00000000ecb80000)
  from space 5120K, 0% used [0x00000000ed080000,0x00000000ed080000,0x00000000ed580000)
  to   space 5120K, 0% used [0x00000000ecb80000,0x00000000ecb80000,0x00000000ed080000)
 ParOldGen       total 87552K, used 0K [0x00000000c0000000, 0x00000000c5580000, 0x00000000eab00000)
  object space 87552K, 0% used [0x00000000c0000000,0x00000000c0000000,0x00000000c5580000)
 Metaspace       used 5219K, capacity 6160K, committed 6272K, reserved 1060864K
  class space    used 574K, capacity 584K, committed 640K, reserved 1048576K
Event: 1.316 GC heap after
Heap after GC invocations=1 (full 0):
 PSYoungGen      total 38400K, used 2950K [0x00000000eab00000, 0x00000000ed580000, 0x0000000100000000)
  eden space 33280K, 0% used [0x00000000eab00000,0x00000000eab00000,0x00000000ecb80000)
  from space 5120K, 57% used [0x00000000ecb80000,0x00000000ece61a90,0x00000000ed080000)
  to   space 5120K, 0% used [0x00000000ed080000,0x00000000ed080000,0x00000000ed580000)
 ParOldGen       total 87552K, used 8K [0x00000000c0000000, 0x00000000c5580000, 0x00000000eab00000)
  object space 87552K, 0% used [0x00000000c0000000,0x00000000c0002000,0x00000000c5580000)
 Metaspace       used 5219K, capacity 6160K, committed 6272K, reserved 1060864K
  class space    used 574K, capacity 584K, committed 640K, reserved 1048576K
}
Event: 1.316 GC heap before
{Heap before GC invocations=2 (full 1):
 PSYoungGen      total 38400K, used 2950K [0x00000000eab00000, 0x00000000ed580000, 0x0000000100000000)
  eden space 33280K, 0% used [0x00000000eab00000,0x00000000eab00000,0x00000000ecb80000)
  from space 5120K, 57% used [0x00000000ecb80000,0x00000000ece61a90,0x00000000ed080000)
  to   space 5120K, 0% used [0x00000000ed080000,0x00000000ed080000,0x00000000ed580000)
 ParOldGen       total 87552K, used 8K [0x00000000c0000000, 0x00000000c5580000, 0x00000000eab00000)
  object space 87552K, 0% used [0x00000000c0000000,0x00000000c0002000,0x00000000c5580000)
 Metaspace       used 5219K, capacity 6160K, committed 6272K, reserved 1060864K
  class space    used 574K, capacity 584K, committed 640K, reserved 1048576K
Event: 1.324 GC heap after
Heap after GC invocations=2 (full 1):
 PSYoungGen      total 38400K, used 0K [0x00000000eab00000, 0x00000000ed580000, 0x0000000100000000)
  eden space 33280K, 0% used [0x00000000eab00000,0x00000000eab00000,0x00000000ecb80000)
  from space 5120K, 0% used [0x00000000ecb80000,0x00000000ecb80000,0x00000000ed080000)
  to   space 5120K, 0% used [0x00000000ed080000,0x00000000ed080000,0x00000000ed580000)
 ParOldGen       total 36352K, used 2788K [0x00000000c0000000, 0x00000000c2380000, 0x00000000eab00000)
  object space 36352K, 7% used [0x00000000c0000000,0x00000000c02b9398,0x00000000c2380000)
 Metaspace       used 5219K, capacity 6160K, committed 6272K, reserved 1058816K
  class space    used 574K, capacity 584K, committed 640K, reserved 1048576K
}
Event: 1.648 GC heap before
{Heap before GC invocations=3 (full 1):
 PSYoungGen      total 38400K, used 33280K [0x00000000eab00000, 0x00000000ed580000, 0x0000000100000000)
  eden space 33280K, 100% used [0x00000000eab00000,0x00000000ecb80000,0x00000000ecb80000)
  from space 5120K, 0% used [0x00000000ecb80000,0x00000000ecb80000,0x00000000ed080000)
  to   space 5120K, 0% used [0x00000000ed080000,0x00000000ed080000,0x00000000ed580000)
 ParOldGen       total 36352K, used 2788K [0x00000000c0000000, 0x00000000c2380000, 0x00000000eab00000)
  object space 36352K, 7% used [0x00000000c0000000,0x00000000c02b9398,0x00000000c2380000)
 Metaspace       used 6043K, capacity 6964K, committed 7040K, reserved 1058816K
  class space    used 605K, capacity 620K, committed 640K, reserved 1048576K
Event: 1.656 GC heap after
Heap after GC invocations=3 (full 1):
 PSYoungGen      total 38400K, used 5088K [0x00000000eab00000, 0x00000000eeb80000, 0x0000000100000000)
  eden space 33280K, 0% used [0x00000000eab00000,0x00000000eab00000,0x00000000ecb80000)
  from space 5120K, 99% used [0x00000000ed080000,0x00000000ed578028,0x00000000ed580000)
  to   space 5120K, 0% used [0x00000000ecb80000,0x00000000ecb80000,0x00000000ed080000)
 ParOldGen       total 36352K, used 3275K [0x00000000c0000000, 0x00000000c2380000, 0x00000000eab00000)
  object space 36352K, 9% used [0x00000000c0000000,0x00000000c0332c70,0x00000000c2380000)
 Metaspace       used 6043K, capacity 6964K, committed 7040K, reserved 1058816K
  class space    used 605K, capacity 620K, committed 640K, reserved 1048576K
}

